# JRE version: OpenJDK Runtime Environment (11.0.12) (build 11.0.12+0-b1504.28-7817840)
# Java VM: OpenJDK 64-Bit Server VM (11.0.12+0-b1504.28-7817840, mixed mode, tiered, compressed oops, g1 gc, linux-amd64)
Heap:
 garbage-first heap   total 225280K, used 112505K [0x0000000080000000, 0x0000000100000000)
  region size 1024K, 8 young (8192K), 1 survivors (1024K)
 Metaspace       used 148348K, capacity 153617K, committed 153680K, reserved 1183744K
  class space    used 17944K, capacity 19861K, committed 19872K, reserved 1048576K
GC Heap History (20 events):
Event: 29514.366 GC heap before
{Heap before GC invocations=330 (full 0):
 garbage-first heap   total 225280K, used 123363K [0x0000000080000000, 0x0000000100000000)
  region size 1024K, 11 young (11264K), 8 survivors (8192K)
 Metaspace       used 148200K, capacity 153462K, committed 153680K, reserved 1183744K
  class space    used 17944K, capacity 19861K, committed 19872K, reserved 1048576K
}
Event: 29515.006 GC heap after
{Heap after GC invocations=331 (full 0):
 garbage-first heap   total 225280K, used 113924K [0x0000000080000000, 0x0000000100000000)
  region size 1024K, 1 young (1024K), 1 survivors (1024K)
 Metaspace       used 148200K, capacity 153462K, committed 153680K, reserved 1183744K
  class space    used 17944K, capacity 19861K, committed 19872K, reserved 1048576K
}
Event: 29519.918 GC heap before
{Heap before GC invocations=331 (full 0):
 garbage-first heap   total 225280K, used 141572K [0x0000000080000000, 0x0000000100000000)
  region size 1024K, 29 young (29696K), 1 survivors (1024K)
 Metaspace       used 148212K, capacity 153462K, committed 153680K, reserved 1183744K
  class space    used 17944K, capacity 19861K, committed 19872K, reserved 1048576K
}
Event: 29519.947 GC heap after
{Heap after GC invocations=332 (full 0):
 garbage-first heap   total 225280K, used 115313K [0x0000000080000000, 0x0000000100000000)
  region size 1024K, 3 young (3072K), 3 survivors (3072K)
 Metaspace       used 148212K, capacity 153462K, committed 153680K, reserved 1183744K
  class space    used 17944K, capacity 19861K, committed 19872K, reserved 1048576K
}
Event: 29567.308 GC heap before
{Heap before GC invocations=333 (full 0):
 garbage-first heap   total 225280K, used 177777K [0x0000000080000000, 0x0000000100000000)
  region size 1024K, 39 young (39936K), 3 survivors (3072K)
 Metaspace       used 148285K, capacity 153489K, committed 153680K, reserved 1183744K
  class space    used 17944K, capacity 19861K, committed 19872K, reserved 1048576K
}
Event: 29567.322 GC heap after
{Heap after GC invocations=334 (full 0):
 garbage-first heap   total 225280K, used 114549K [0x0000000080000000, 0x0000000100000000)
  region size 1024K, 2 young (2048K), 2 survivors (2048K)
 Metaspace       used 148285K, capacity 153489K, committed 153680K, reserved 1183744K
  class space    used 17944K, capacity 19861K, committed 19872K, reserved 1048576K
}
Event: 29846.947 GC heap before
{Heap before GC invocations=334 (full 0):
 garbage-first heap   total 225280K, used 123765K [0x0000000080000000, 0x0000000100000000)
  region size 1024K, 11 young (11264K), 2 survivors (2048K)
 Metaspace       used 148287K, capacity 153489K, committed 153680K, reserved 1183744K
  class space    used 17944K, capacity 19861K, committed 19872K, reserved 1048576K
}
Event: 29847.074 GC heap after
{Heap after GC invocations=335 (full 0):
 garbage-first heap   total 225280K, used 104865K [0x0000000080000000, 0x0000000100000000)
  region size 1024K, 1 young (1024K), 1 survivors (1024K)
 Metaspace       used 148287K, capacity 153489K, committed 153680K, reserved 1183744K
  class space    used 17944K, capacity 19861K, committed 19872K, reserved 1048576K
}
Event: 29848.194 GC heap before
{Heap before GC invocations=335 (full 0):
 garbage-first heap   total 225280K, used 155041K [0x0000000080000000, 0x0000000100000000)
  region size 1024K, 51 young (52224K), 1 survivors (1024K)
 Metaspace       used 148300K, capacity 153489K, committed 153680K, reserved 1183744K
  class space    used 17944K, capacity 19861K, committed 19872K, reserved 1048576K
}
Event: 29848.307 GC heap after
{Heap after GC invocations=336 (full 0):
 garbage-first heap   total 225280K, used 111049K [0x0000000080000000, 0x0000000100000000)
  region size 1024K, 7 young (7168K), 7 survivors (7168K)
 Metaspace       used 148300K, capacity 153489K, committed 153680K, reserved 1183744K
  class space    used 17944K, capacity 19861K, committed 19872K, reserved 1048576K
}
Event: 29856.751 GC heap before
{Heap before GC invocations=337 (full 0):
 garbage-first heap   total 225280K, used 148937K [0x0000000080000000, 0x0000000100000000)
  region size 1024K, 44 young (45056K), 7 survivors (7168K)
 Metaspace       used 148319K, capacity 153489K, committed 153680K, reserved 1183744K
  class space    used 17944K, capacity 19861K, committed 19872K, reserved 1048576K
}
Event: 29856.793 GC heap after
{Heap after GC invocations=338 (full 0):
 garbage-first heap   total 225280K, used 113255K [0x0000000080000000, 0x0000000100000000)
  region size 1024K, 3 young (3072K), 3 survivors (3072K)
 Metaspace       used 148319K, capacity 153489K, committed 153680K, reserved 1183744K
  class space    used 17944K, capacity 19861K, committed 19872K, reserved 1048576K
}
Event: 29856.952 GC heap before
{Heap before GC invocations=338 (full 0):
 garbage-first heap   total 225280K, used 120423K [0x0000000080000000, 0x0000000100000000)
  region size 1024K, 11 young (11264K), 3 survivors (3072K)
 Metaspace       used 148322K, capacity 153553K, committed 153680K, reserved 1183744K
  class space    used 17944K, capacity 19861K, committed 19872K, reserved 1048576K
}
Event: 29856.979 GC heap after
{Heap after GC invocations=339 (full 0):
 garbage-first heap   total 225280K, used 113123K [0x0000000080000000, 0x0000000100000000)
  region size 1024K, 1 young (1024K), 1 survivors (1024K)
 Metaspace       used 148322K, capacity 153553K, committed 153680K, reserved 1183744K
  class space    used 17944K, capacity 19861K, committed 19872K, reserved 1048576K
}
Event: 29857.323 GC heap before
{Heap before GC invocations=339 (full 0):
 garbage-first heap   total 225280K, used 130531K [0x0000000080000000, 0x0000000100000000)
  region size 1024K, 20 young (20480K), 1 survivors (1024K)
 Metaspace       used 148330K, capacity 153553K, committed 153680K, reserved 1183744K
  class space    used 17944K, capacity 19861K, committed 19872K, reserved 1048576K
}
Event: 29857.346 GC heap after
{Heap after GC invocations=340 (full 0):
 garbage-first heap   total 225280K, used 112731K [0x0000000080000000, 0x0000000100000000)
  region size 1024K, 1 young (1024K), 1 survivors (1024K)
 Metaspace       used 148330K, capacity 153553K, committed 153680K, reserved 1183744K
  class space    used 17944K, capacity 19861K, committed 19872K, reserved 1048576K
}
Event: 32292.355 GC heap before
{Heap before GC invocations=341 (full 0):
 garbage-first heap   total 225280K, used 201819K [0x0000000080000000, 0x0000000100000000)
  region size 1024K, 63 young (64512K), 1 survivors (1024K)
 Metaspace       used 148348K, capacity 153617K, committed 153680K, reserved 1183744K
  class space    used 17944K, capacity 19861K, committed 19872K, reserved 1048576K
}
Event: 32316.734 GC heap after
{Heap after GC invocations=342 (full 0):
 garbage-first heap   total 225280K, used 112353K [0x0000000080000000, 0x0000000100000000)
  region size 1024K, 1 young (1024K), 1 survivors (1024K)
 Metaspace       used 148348K, capacity 153617K, committed 153680K, reserved 1183744K
  class space    used 17944K, capacity 19861K, committed 19872K, reserved 1048576K
}
Event: 32717.307 GC heap before
{Heap before GC invocations=342 (full 0):
 garbage-first heap   total 225280K, used 121569K [0x0000000080000000, 0x0000000100000000)
  region size 1024K, 11 young (11264K), 1 survivors (1024K)
 Metaspace       used 148348K, capacity 153617K, committed 153680K, reserved 1183744K
  class space    used 17944K, capacity 19861K, committed 19872K, reserved 1048576K
}
Event: 32726.934 GC heap after
{Heap after GC invocations=343 (full 0):
 garbage-first heap   total 225280K, used 106361K [0x0000000080000000, 0x0000000100000000)
  region size 1024K, 1 young (1024K), 1 survivors (1024K)
 Metaspace       used 148348K, capacity 153617K, committed 153680K, reserved 1183744K
  class space    used 17944K, capacity 19861K, committed 19872K, reserved 1048576K
}

